install prefix            ../release
source path               .
C compiler                /usr/local/lib/android/sdk/ndk/25.2.9519653/toolchains/llvm/prebuilt/linux-x86_64/bin/aarch64-linux-android21-clang
C library                 bionic
host C compiler           clang
host C library            glibc
ARCH                      c (generic)
big-endian                no
runtime cpu detection     yes
debug symbols             no
strip symbols             yes
optimize for size         no
optimizations             yes
static                    yes
shared                    no
postprocessing support    no
network support           no
threading support         pthreads
safe bitstream reader     yes
texi2html enabled         no
perl enabled              yes
pod2man enabled           yes
makeinfo enabled          yes
makeinfo supports HTML    yes
xmllint enabled           no

External libraries:
zlib

External libraries providing hardware acceleration:
cuda_llvm

Libraries:
avcodec                 avformat                avutil

Programs:

Enabled decoders:
h264                    hevc

Enabled encoders:

Enabled hwaccels:

Enabled parsers:
ac3                     h264                    hevc

Enabled demuxers:

Enabled muxers:
mov                     mp4

Enabled protocols:
file

Enabled filters:

Enabled bsfs:
aac_adtstoasc           hevc_mp4toannexb
h264_mp4toannexb        vp9_superframe

Enabled indevs:

Enabled outdevs:

License: LGPL version 2.1 or later
